<?xml version="1.0" encoding="UTF-8" standalone="no"?>
<!DOCTYPE log SYSTEM "logger.dtd">
<head/><log>
<record>
  <date>2016-11-28T14:24:06.511-0300</date>
  <logger>TIAGO LIMA PEREIRA</logger>
  <level>FINE</level>
  <message>File 116210629-TIAGO LIMA PEREIRA.zip was received. It was sent by TIAGO LIMA PEREIRA from IP 127.0.1.1</message>
</record>
</log>
<?xml version="1.0" encoding="UTF-8" standalone="no"?>
<!DOCTYPE log SYSTEM "logger.dtd">
<log>
<record>
  <date>2016-11-29T00:36:03.404-0300</date>
  <logger>TIAGO LIMA PEREIRA</logger>
  <level>FINE</level>
  <message>File 116210629-TIAGO LIMA PEREIRA.zip was received. It was sent by TIAGO LIMA PEREIRA from IP 127.0.1.1</message>
</record>
</log>
<?xml version="1.0" encoding="UTF-8" standalone="no"?>
<!DOCTYPE log SYSTEM "logger.dtd">
<log>
<record>
  <date>2016-11-29T00:38:23.979-0300</date>
  <logger>TIAGO LIMA PEREIRA</logger>
  <level>FINE</level>
  <message>File 116210629-TIAGO LIMA PEREIRA.zip was received. It was sent by TIAGO LIMA PEREIRA from IP 127.0.1.1</message>
</record>
</log>
<?xml version="1.0" encoding="UTF-8" standalone="no"?>
<!DOCTYPE log SYSTEM "logger.dtd">
<log>
<record>
  <date>2016-11-29T01:07:30.976-0300</date>
  <logger>TIAGO LIMA PEREIRA</logger>
  <level>FINE</level>
  <message>File 116210629-TIAGO LIMA PEREIRA.zip was received. It was sent by TIAGO LIMA PEREIRA from IP 127.0.1.1</message>
</record>
</log>
<?xml version="1.0" encoding="UTF-8" standalone="no"?>
<!DOCTYPE log SYSTEM "logger.dtd">
<log>
<record>
  <date>2016-11-29T01:12:33.542-0300</date>
  <logger>TIAGO LIMA PEREIRA</logger>
  <level>FINE</level>
  <message>File 116210629-TIAGO LIMA PEREIRA.zip was received. It was sent by TIAGO LIMA PEREIRA from IP 127.0.1.1</message>
</record>
</log>
<?xml version="1.0" encoding="UTF-8" standalone="no"?>
<!DOCTYPE log SYSTEM "logger.dtd">
<log>
<record>
  <date>2016-11-29T01:17:56.864-0300</date>
  <logger>TIAGO LIMA PEREIRA</logger>
  <level>FINE</level>
  <message>File 116210629-TIAGO LIMA PEREIRA.zip was received. It was sent by TIAGO LIMA PEREIRA from IP 127.0.1.1</message>
</record>
</log>
<?xml version="1.0" encoding="UTF-8" standalone="no"?>
<!DOCTYPE log SYSTEM "logger.dtd">
<log>
<record>
  <date>2016-11-29T01:27:04.580-0300</date>
  <logger>TIAGO LIMA PEREIRA</logger>
  <level>FINE</level>
  <message>File 116210629-TIAGO LIMA PEREIRA.zip was received. It was sent by TIAGO LIMA PEREIRA from IP 127.0.1.1</message>
</record>
</log>
<?xml version="1.0" encoding="UTF-8" standalone="no"?>
<!DOCTYPE log SYSTEM "logger.dtd">
<log>
<record>
  <date>2016-11-29T01:27:57.154-0300</date>
  <logger>TIAGO LIMA PEREIRA</logger>
  <level>FINE</level>
  <message>File 116210629-TIAGO LIMA PEREIRA.zip was received. It was sent by TIAGO LIMA PEREIRA from IP 127.0.1.1</message>
</record>
